<?xml version="1.0" encoding="UTF-8"?>
<testsuite xmlns:xsi="http://www.w3.org/2001/XMLSchema-instance" xsi:noNamespaceSchemaLocation="https://maven.apache.org/surefire/maven-surefire-plugin/xsd/surefire-test-report.xsd" name="htwb.ai.RunMeTest" time="0.041" tests="4" errors="0" skipped="0" failures="0">
  <properties>
    <property name="sun.desktop" value="windows"/>
    <property name="awt.toolkit" value="sun.awt.windows.WToolkit"/>
    <property name="java.specification.version" value="11"/>
    <property name="sun.cpu.isalist" value="amd64"/>
    <property name="sun.jnu.encoding" value="Cp1252"/>
    <property name="java.class.path" value="C:\Users\Seija\Uni\51_KompBas\repo\htwb-kbe-repo-template-master\runmerunner\target\test-classes;C:\Users\Seija\Uni\51_KompBas\repo\htwb-kbe-repo-template-master\runmerunner\target\classes;C:\Users\Seija\.m2\repository\org\junit\jupiter\junit-jupiter-api\5.2.0\junit-jupiter-api-5.2.0.jar;C:\Users\Seija\.m2\repository\org\apiguardian\apiguardian-api\1.0.0\apiguardian-api-1.0.0.jar;C:\Users\Seija\.m2\repository\org\opentest4j\opentest4j\1.1.0\opentest4j-1.1.0.jar;C:\Users\Seija\.m2\repository\org\junit\platform\junit-platform-commons\1.2.0\junit-platform-commons-1.2.0.jar;C:\Users\Seija\.m2\repository\org\easytesting\fest-assert-core\2.0M10\fest-assert-core-2.0M10.jar;C:\Users\Seija\.m2\repository\org\easytesting\fest-util\1.2.5\fest-util-1.2.5.jar;C:\Users\Seija\.m2\repository\org\junit\platform\junit-platform-surefire-provider\1.2.0-M1\junit-platform-surefire-provider-1.2.0-M1.jar;C:\Users\Seija\.m2\repository\org\junit\platform\junit-platform-launcher\1.2.0-M1\junit-platform-launcher-1.2.0-M1.jar;C:\Users\Seija\.m2\repository\org\apache\maven\surefire\surefire-api\2.21.0\surefire-api-2.21.0.jar;C:\Users\Seija\.m2\repository\org\apache\maven\surefire\surefire-logger-api\2.21.0\surefire-logger-api-2.21.0.jar;C:\Users\Seija\.m2\repository\org\apache\maven\surefire\common-java5\2.21.0\common-java5-2.21.0.jar;C:\Users\Seija\.m2\repository\org\junit\jupiter\junit-jupiter-engine\5.2.0-M1\junit-jupiter-engine-5.2.0-M1.jar;C:\Users\Seija\.m2\repository\org\junit\platform\junit-platform-engine\1.2.0-M1\junit-platform-engine-1.2.0-M1.jar;"/>
    <property name="java.vm.vendor" value="JetBrains s.r.o"/>
    <property name="sun.arch.data.model" value="64"/>
    <property name="user.variant" value=""/>
    <property name="java.vendor.url" value="https://www.jetbrains.com/"/>
    <property name="user.timezone" value=""/>
    <property name="java.vm.specification.version" value="11"/>
    <property name="os.name" value="Windows 10"/>
    <property name="sun.java.launcher" value="SUN_STANDARD"/>
    <property name="user.country" value="US"/>
    <property name="sun.boot.library.path" value="C:\Program Files\JetBrains\IntelliJ IDEA 2019.3.4\jbr\bin"/>
    <property name="sun.java.command" value="C:\Users\Seija\AppData\Local\Temp\surefire11134360454171202217\surefirebooter8240890517866871332.jar C:\Users\Seija\AppData\Local\Temp\surefire11134360454171202217 2020-10-19T16-50-45_548-jvmRun1 surefire8479382093490298809tmp surefire_011710748860765295469tmp"/>
    <property name="jdk.debug" value="release"/>
    <property name="surefire.test.class.path" value="C:\Users\Seija\Uni\51_KompBas\repo\htwb-kbe-repo-template-master\runmerunner\target\test-classes;C:\Users\Seija\Uni\51_KompBas\repo\htwb-kbe-repo-template-master\runmerunner\target\classes;C:\Users\Seija\.m2\repository\org\junit\jupiter\junit-jupiter-api\5.2.0\junit-jupiter-api-5.2.0.jar;C:\Users\Seija\.m2\repository\org\apiguardian\apiguardian-api\1.0.0\apiguardian-api-1.0.0.jar;C:\Users\Seija\.m2\repository\org\opentest4j\opentest4j\1.1.0\opentest4j-1.1.0.jar;C:\Users\Seija\.m2\repository\org\junit\platform\junit-platform-commons\1.2.0\junit-platform-commons-1.2.0.jar;C:\Users\Seija\.m2\repository\org\easytesting\fest-assert-core\2.0M10\fest-assert-core-2.0M10.jar;C:\Users\Seija\.m2\repository\org\easytesting\fest-util\1.2.5\fest-util-1.2.5.jar;C:\Users\Seija\.m2\repository\org\junit\platform\junit-platform-surefire-provider\1.2.0-M1\junit-platform-surefire-provider-1.2.0-M1.jar;C:\Users\Seija\.m2\repository\org\junit\platform\junit-platform-launcher\1.2.0-M1\junit-platform-launcher-1.2.0-M1.jar;C:\Users\Seija\.m2\repository\org\apache\maven\surefire\surefire-api\2.21.0\surefire-api-2.21.0.jar;C:\Users\Seija\.m2\repository\org\apache\maven\surefire\surefire-logger-api\2.21.0\surefire-logger-api-2.21.0.jar;C:\Users\Seija\.m2\repository\org\apache\maven\surefire\common-java5\2.21.0\common-java5-2.21.0.jar;C:\Users\Seija\.m2\repository\org\junit\jupiter\junit-jupiter-engine\5.2.0-M1\junit-jupiter-engine-5.2.0-M1.jar;C:\Users\Seija\.m2\repository\org\junit\platform\junit-platform-engine\1.2.0-M1\junit-platform-engine-1.2.0-M1.jar;"/>
    <property name="sun.cpu.endian" value="little"/>
    <property name="user.home" value="C:\Users\Seija"/>
    <property name="user.language" value="en"/>
    <property name="java.specification.vendor" value="Oracle Corporation"/>
    <property name="java.version.date" value="2020-01-14"/>
    <property name="java.home" value="C:\Program Files\JetBrains\IntelliJ IDEA 2019.3.4\jbr"/>
    <property name="file.separator" value="\"/>
    <property name="basedir" value="C:\Users\Seija\Uni\51_KompBas\repo\htwb-kbe-repo-template-master\runmerunner"/>
    <property name="java.vm.compressedOopsMode" value="Zero based"/>
    <property name="line.separator" value="&#10;"/>
    <property name="java.specification.name" value="Java Platform API Specification"/>
    <property name="java.vm.specification.vendor" value="Oracle Corporation"/>
    <property name="java.awt.graphicsenv" value="sun.awt.Win32GraphicsEnvironment"/>
    <property name="surefire.real.class.path" value="C:\Users\Seija\AppData\Local\Temp\surefire11134360454171202217\surefirebooter8240890517866871332.jar"/>
    <property name="user.script" value=""/>
    <property name="sun.management.compiler" value="HotSpot 64-Bit Tiered Compilers"/>
    <property name="java.runtime.version" value="11.0.6+8-b520.43"/>
    <property name="user.name" value="Seija"/>
    <property name="path.separator" value=";"/>
    <property name="os.version" value="10.0"/>
    <property name="java.runtime.name" value="OpenJDK Runtime Environment"/>
    <property name="file.encoding" value="Cp1252"/>
    <property name="java.vm.name" value="OpenJDK 64-Bit Server VM"/>
    <property name="localRepository" value="C:\Users\Seija\.m2\repository"/>
    <property name="java.vendor.url.bug" value="https://youtrack.jetbrains.com"/>
    <property name="java.io.tmpdir" value="C:\Users\Seija\AppData\Local\Temp\"/>
    <property name="java.version" value="11.0.6"/>
    <property name="user.dir" value="C:\Users\Seija\Uni\51_KompBas\repo\htwb-kbe-repo-template-master\runmerunner"/>
    <property name="os.arch" value="amd64"/>
    <property name="java.vm.specification.name" value="Java Virtual Machine Specification"/>
    <property name="java.awt.printerjob" value="sun.awt.windows.WPrinterJob"/>
    <property name="sun.os.patch.level" value=""/>
    <property name="idea.version2019.3.4" value="true"/>
    <property name="java.library.path" value="C:\Program Files\JetBrains\IntelliJ IDEA 2019.3.4\jbr\bin;C:\WINDOWS\Sun\Java\bin;C:\WINDOWS\system32;C:\WINDOWS;C:\Program Files (x86)\Cuminas\Document Express DjVu Plug-in\;C:\Windows\system32;C:\Windows;C:\Windows\System32\Wbem;C:\Windows\System32\WindowsPowerShell\v1.0\;C:\Windows\System32\OpenSSH\;C:\Program Files (x86)\NVIDIA Corporation\PhysX\Common;C:\Program Files\dotnet\;C:\Program Files\Microsoft SQL Server\130\Tools\Binn\;C:\Program Files\Common Files\Autodesk Shared\;C:\Program Files (x86)\Autodesk\Backburner\;C:\Program Files (x86)\sbt\bin;C:\Java\java-se-8u41-ri\bin;C:\Program Files\nodejs\;C:\Program Files (x86)\scala\bin;C:\Program Files\MiKTeX\miktex\bin\x64\;C:\WINDOWS\system32;C:\WINDOWS;C:\WINDOWS\System32\Wbem;C:\WINDOWS\System32\WindowsPowerShell\v1.0\;C:\WINDOWS\System32\OpenSSH\;C:\Program Files\Git\cmd;C:\Java\jdk-11.0.1\bin;C:\Users\Seija\AppData\Local\Programs\Microsoft VS Code\bin;C:\Program Files\JetBrains\JetBrains Rider 2020.2.4\bin;;C:\Users\Seija\AppData\Local\Microsoft\WindowsApps;C:\Java\jdk-11.0.1\bin;;."/>
    <property name="java.vendor" value="JetBrains s.r.o"/>
    <property name="java.vm.info" value="mixed mode, sharing"/>
    <property name="java.vm.version" value="11.0.6+8-b520.43"/>
    <property name="sun.io.unicode.encoding" value="UnicodeLittle"/>
    <property name="java.class.version" value="55.0"/>
  </properties>
  <testcase name="couldNotAccessConstructorTest" classname="htwb.ai.RunMeTest" time="0.027"/>
  <testcase name="couldNotFindClassTest" classname="htwb.ai.RunMeTest" time="0"/>
  <testcase name="couldNotFindConstructorTest" classname="htwb.ai.RunMeTest" time="0.002"/>
  <testcase name="couldNotInstantiateClassTest" classname="htwb.ai.RunMeTest" time="0.002"/>
</testsuite>