<?xml version="1.0" encoding="UTF-8"?>
<testsuite xmlns:xsi="http://www.w3.org/2001/XMLSchema-instance" xsi:noNamespaceSchemaLocation="https://maven.apache.org/surefire/maven-surefire-plugin/xsd/surefire-test-report.xsd" name="htwb.ai.RunMeTest" time="0.039" tests="5" errors="0" skipped="0" failures="0">
  <properties>
    <property name="sun.desktop" value="gnome"/>
    <property name="awt.toolkit" value="sun.awt.X11.XToolkit"/>
    <property name="java.specification.version" value="11"/>
    <property name="sun.cpu.isalist" value=""/>
    <property name="sun.jnu.encoding" value="UTF-8"/>
    <property name="java.class.path" value="/home/lars/git/KBE/htwb-kbe-repo-template-master/runmerunner/target/test-classes:/home/lars/git/KBE/htwb-kbe-repo-template-master/runmerunner/target/classes:/home/lars/.m2/repository/org/junit/jupiter/junit-jupiter-api/5.2.0/junit-jupiter-api-5.2.0.jar:/home/lars/.m2/repository/org/apiguardian/apiguardian-api/1.0.0/apiguardian-api-1.0.0.jar:/home/lars/.m2/repository/org/opentest4j/opentest4j/1.1.0/opentest4j-1.1.0.jar:/home/lars/.m2/repository/org/junit/platform/junit-platform-commons/1.2.0/junit-platform-commons-1.2.0.jar:/home/lars/.m2/repository/org/easytesting/fest-assert-core/2.0M10/fest-assert-core-2.0M10.jar:/home/lars/.m2/repository/org/easytesting/fest-util/1.2.5/fest-util-1.2.5.jar:/home/lars/.m2/repository/org/junit/platform/junit-platform-surefire-provider/1.2.0-M1/junit-platform-surefire-provider-1.2.0-M1.jar:/home/lars/.m2/repository/org/apache/maven/surefire/surefire-api/2.21.0/surefire-api-2.21.0.jar:/home/lars/.m2/repository/org/apache/maven/surefire/surefire-logger-api/2.21.0/surefire-logger-api-2.21.0.jar:/home/lars/.m2/repository/org/apache/maven/surefire/common-java5/2.21.0/common-java5-2.21.0.jar:/home/lars/.m2/repository/org/junit/jupiter/junit-jupiter-engine/5.2.0-M1/junit-jupiter-engine-5.2.0-M1.jar:/home/lars/.m2/repository/org/junit/platform/junit-platform-engine/1.2.0-M1/junit-platform-engine-1.2.0-M1.jar:/home/lars/.m2/repository/org/junit/platform/junit-platform-launcher/1.4.2/junit-platform-launcher-1.4.2.jar:"/>
    <property name="java.vm.vendor" value="Ubuntu"/>
    <property name="sun.arch.data.model" value="64"/>
    <property name="java.vendor.url" value="https://ubuntu.com/"/>
    <property name="user.timezone" value=""/>
    <property name="java.vm.specification.version" value="11"/>
    <property name="os.name" value="Linux"/>
    <property name="sun.java.launcher" value="SUN_STANDARD"/>
    <property name="user.country" value="US"/>
    <property name="sun.boot.library.path" value="/usr/lib/jvm/java-11-openjdk-amd64/lib"/>
    <property name="sun.java.command" value="/home/lars/git/KBE/htwb-kbe-repo-template-master/runmerunner/target/surefire/surefirebooter17100597835508849730.jar /home/lars/git/KBE/htwb-kbe-repo-template-master/runmerunner/target/surefire 2020-10-22T02-06-32_497-jvmRun1 surefire1556845030048925843tmp surefire_07991641545621766370tmp"/>
    <property name="jdk.debug" value="release"/>
    <property name="surefire.test.class.path" value="/home/lars/git/KBE/htwb-kbe-repo-template-master/runmerunner/target/test-classes:/home/lars/git/KBE/htwb-kbe-repo-template-master/runmerunner/target/classes:/home/lars/.m2/repository/org/junit/jupiter/junit-jupiter-api/5.2.0/junit-jupiter-api-5.2.0.jar:/home/lars/.m2/repository/org/apiguardian/apiguardian-api/1.0.0/apiguardian-api-1.0.0.jar:/home/lars/.m2/repository/org/opentest4j/opentest4j/1.1.0/opentest4j-1.1.0.jar:/home/lars/.m2/repository/org/junit/platform/junit-platform-commons/1.2.0/junit-platform-commons-1.2.0.jar:/home/lars/.m2/repository/org/easytesting/fest-assert-core/2.0M10/fest-assert-core-2.0M10.jar:/home/lars/.m2/repository/org/easytesting/fest-util/1.2.5/fest-util-1.2.5.jar:/home/lars/.m2/repository/org/junit/platform/junit-platform-surefire-provider/1.2.0-M1/junit-platform-surefire-provider-1.2.0-M1.jar:/home/lars/.m2/repository/org/apache/maven/surefire/surefire-api/2.21.0/surefire-api-2.21.0.jar:/home/lars/.m2/repository/org/apache/maven/surefire/surefire-logger-api/2.21.0/surefire-logger-api-2.21.0.jar:/home/lars/.m2/repository/org/apache/maven/surefire/common-java5/2.21.0/common-java5-2.21.0.jar:/home/lars/.m2/repository/org/junit/jupiter/junit-jupiter-engine/5.2.0-M1/junit-jupiter-engine-5.2.0-M1.jar:/home/lars/.m2/repository/org/junit/platform/junit-platform-engine/1.2.0-M1/junit-platform-engine-1.2.0-M1.jar:/home/lars/.m2/repository/org/junit/platform/junit-platform-launcher/1.4.2/junit-platform-launcher-1.4.2.jar:"/>
    <property name="sun.cpu.endian" value="little"/>
    <property name="user.home" value="/home/lars"/>
    <property name="user.language" value="en"/>
    <property name="java.specification.vendor" value="Oracle Corporation"/>
    <property name="java.version.date" value="2020-07-14"/>
    <property name="java.home" value="/usr/lib/jvm/java-11-openjdk-amd64"/>
    <property name="file.separator" value="/"/>
    <property name="basedir" value="/home/lars/git/KBE/htwb-kbe-repo-template-master/runmerunner"/>
    <property name="java.vm.compressedOopsMode" value="Zero based"/>
    <property name="line.separator" value="&#10;"/>
    <property name="java.specification.name" value="Java Platform API Specification"/>
    <property name="java.vm.specification.vendor" value="Oracle Corporation"/>
    <property name="java.awt.graphicsenv" value="sun.awt.X11GraphicsEnvironment"/>
    <property name="surefire.real.class.path" value="/home/lars/git/KBE/htwb-kbe-repo-template-master/runmerunner/target/surefire/surefirebooter17100597835508849730.jar"/>
    <property name="sun.management.compiler" value="HotSpot 64-Bit Tiered Compilers"/>
    <property name="java.runtime.version" value="11.0.8+10-post-Ubuntu-0ubuntu118.04.1"/>
    <property name="user.name" value="lars"/>
    <property name="path.separator" value=":"/>
    <property name="os.version" value="5.4.0-42-generic"/>
    <property name="java.runtime.name" value="OpenJDK Runtime Environment"/>
    <property name="file.encoding" value="UTF-8"/>
    <property name="java.vm.name" value="OpenJDK 64-Bit Server VM"/>
    <property name="localRepository" value="/home/lars/.m2/repository"/>
    <property name="java.vendor.url.bug" value="https://bugs.launchpad.net/ubuntu/+source/openjdk-lts"/>
    <property name="java.io.tmpdir" value="/tmp"/>
    <property name="java.version" value="11.0.8"/>
    <property name="user.dir" value="/home/lars/git/KBE/htwb-kbe-repo-template-master/runmerunner"/>
    <property name="os.arch" value="amd64"/>
    <property name="java.vm.specification.name" value="Java Virtual Machine Specification"/>
    <property name="java.awt.printerjob" value="sun.print.PSPrinterJob"/>
    <property name="sun.os.patch.level" value="unknown"/>
    <property name="java.library.path" value="/usr/java/packages/lib:/usr/lib/x86_64-linux-gnu/jni:/lib/x86_64-linux-gnu:/usr/lib/x86_64-linux-gnu:/usr/lib/jni:/lib:/usr/lib"/>
    <property name="java.vm.info" value="mixed mode, sharing"/>
    <property name="java.vendor" value="Ubuntu"/>
    <property name="java.vm.version" value="11.0.8+10-post-Ubuntu-0ubuntu118.04.1"/>
    <property name="sun.io.unicode.encoding" value="UnicodeLittle"/>
    <property name="java.class.version" value="55.0"/>
  </properties>
  <testcase name="couldNotAccessConstructorTest" classname="htwb.ai.RunMeTest" time="0.02"/>
  <testcase name="couldNotFindClassTest" classname="htwb.ai.RunMeTest" time="0.001"/>
  <testcase name="couldNotFindConstructorTest" classname="htwb.ai.RunMeTest" time="0.003"/>
  <testcase name="succesfulDefaultCase" classname="htwb.ai.RunMeTest" time="0.001"/>
  <testcase name="couldNotInstantiateClassTest" classname="htwb.ai.RunMeTest" time="0.001"/>
</testsuite>